<?xml version="1.0" encoding="UTF-8"?>
<testng-results skipped="0" failed="0" ignored="0" total="1" passed="1">
  <reporter-output>
  </reporter-output>
  <suite name="Default suite" duration-ms="67561" started-at="2018-03-04T00:05:20Z" finished-at="2018-03-04T00:06:27Z">
    <groups>
      <group name="cucumber">
        <method signature="AbstractTestNGCucumberTests.feature(cucumber.api.testng.CucumberFeatureWrapper)[pri:0, instance:com.usa.runner.TestNGRunner@17baae6e]" name="feature" class="cucumber.api.testng.AbstractTestNGCucumberTests"/>
      </group> <!-- cucumber -->
    </groups>
    <test name="Default test" duration-ms="67561" started-at="2018-03-04T00:05:20Z" finished-at="2018-03-04T00:06:27Z">
      <class name="com.usa.runner.TestNGRunner">
        <test-method status="PASS" signature="setUpClass()[pri:0, instance:com.usa.runner.TestNGRunner@17baae6e]" name="setUpClass" is-config="true" duration-ms="301" started-at="2018-03-04T00:05:20Z" finished-at="2018-03-04T00:05:20Z">
          <reporter-output>
          </reporter-output>
        </test-method> <!-- setUpClass -->
        <test-method status="PASS" signature="feature(cucumber.api.testng.CucumberFeatureWrapper)[pri:0, instance:com.usa.runner.TestNGRunner@17baae6e]" name="feature" duration-ms="67144" started-at="2018-03-04T00:05:20Z" description="Runs Cucumber Feature" data-provider="features" finished-at="2018-03-04T00:06:27Z">
          <params>
            <param index="0">
              <value>
                <![CDATA[Login function validation]]>
              </value>
            </param>
          </params>
          <reporter-output>
          </reporter-output>
        </test-method> <!-- feature -->
        <test-method status="PASS" signature="tearDownClass()[pri:0, instance:com.usa.runner.TestNGRunner@17baae6e]" name="tearDownClass" is-config="true" duration-ms="18" started-at="2018-03-04T00:06:27Z" finished-at="2018-03-04T00:06:27Z">
          <reporter-output>
          </reporter-output>
        </test-method> <!-- tearDownClass -->
      </class> <!-- com.usa.runner.TestNGRunner -->
    </test> <!-- Default test -->
  </suite> <!-- Default suite -->
</testng-results>
