<?xml version="1.0" encoding="UTF-8"?>
<!-- Generated by org.testng.reporters.JUnitXMLReporter -->
<testsuite hostname="LAPTOP-PA1PEBT4" ignored="3" name="Default test(failed)" tests="1" failures="0" timestamp="18 Mar 2018 00:04:32 GMT" time="9.895" errors="0">
  <testcase name="test2" time="9.879" classname="com.usa.loginfunctiontest.CheckTestng"/>
  <testcase name="test" time="0.0" classname="com.usa.loginfunctiontest.CheckTestng">
    <ignored/>
  </testcase> <!-- test -->
  <testcase name="test1" time="0.0" classname="com.usa.loginfunctiontest.CheckTestng">
    <ignored/>
  </testcase> <!-- test1 -->
  <testcase name="test3" time="0.0" classname="com.usa.loginfunctiontest.CheckTestng">
    <ignored/>
  </testcase> <!-- test3 -->
</testsuite> <!-- Default test(failed) -->
