<?xml version="1.0" encoding="UTF-8"?>
<!-- Generated by org.testng.reporters.JUnitXMLReporter -->
<testsuite hostname="LAPTOP-PA1PEBT4" ignored="0" name="Default test" tests="4" failures="0" timestamp="17 Mar 2018 23:46:43 GMT" time="30.774" errors="0">
  <testcase name="test" time="9.008" classname="com.usa.loginfunctiontest.CheckTestng"/>
  <testcase name="test1" time="8.516" classname="com.usa.loginfunctiontest.CheckTestng"/>
  <testcase name="test2" time="12.627" classname="com.usa.loginfunctiontest.CheckTestng"/>
  <testcase name="test3" time="0.588" classname="com.usa.loginfunctiontest.CheckTestng"/>
</testsuite> <!-- Default test -->
