<?xml version="1.0" encoding="UTF-8"?>
<testng-results skipped="0" failed="0" ignored="0" total="1" passed="1">
  <reporter-output>
  </reporter-output>
  <suite name="Default suite" duration-ms="602" started-at="2018-07-11T05:37:04Z" finished-at="2018-07-11T05:37:05Z">
    <groups>
    </groups>
    <test name="Default test" duration-ms="602" started-at="2018-07-11T05:37:04Z" finished-at="2018-07-11T05:37:05Z">
      <class name="Codes.codes">
        <test-method status="PASS" signature="codetest()[pri:0, instance:Codes.codes@15b3e5b]" name="codetest" duration-ms="580" started-at="2018-07-11T05:37:04Z" finished-at="2018-07-11T05:37:05Z">
          <reporter-output>
          </reporter-output>
        </test-method> <!-- codetest -->
      </class> <!-- Codes.codes -->
    </test> <!-- Default test -->
  </suite> <!-- Default suite -->
</testng-results>
