<?xml version="1.0" encoding="UTF-8"?>
<testng-results skipped="0" failed="0" ignored="0" total="2" passed="2">
  <reporter-output>
  </reporter-output>
  <suite name="Suite" duration-ms="17100" started-at="2018-05-07T00:45:37Z" finished-at="2018-05-07T00:45:54Z">
    <groups>
      <group name="cucumber">
        <method signature="AbstractTestNGCucumberTests.feature(cucumber.api.testng.CucumberFeatureWrapper)[pri:0, instance:TestRunner.TC01_Login@6a41eaa2]" name="feature" class="cucumber.api.testng.AbstractTestNGCucumberTests"/>
        <method signature="AbstractTestNGCucumberTests.feature(cucumber.api.testng.CucumberFeatureWrapper)[pri:0, instance:TestRunner.TC02_Login@7cd62f43]" name="feature" class="cucumber.api.testng.AbstractTestNGCucumberTests"/>
      </group> <!-- cucumber -->
    </groups>
    <test name="Test" duration-ms="17100" started-at="2018-05-07T00:45:37Z" finished-at="2018-05-07T00:45:54Z">
      <class name="TestRunner.TC01_Login">
        <test-method status="PASS" signature="setUpClass()[pri:0, instance:TestRunner.TC01_Login@6a41eaa2]" name="setUpClass" is-config="true" duration-ms="237" started-at="2018-05-06T20:45:37Z" finished-at="2018-05-06T20:45:37Z">
          <reporter-output>
          </reporter-output>
        </test-method> <!-- setUpClass -->
        <test-method status="PASS" signature="feature(cucumber.api.testng.CucumberFeatureWrapper)[pri:0, instance:TestRunner.TC01_Login@6a41eaa2]" name="feature" duration-ms="8772" started-at="2018-05-06T20:45:38Z" description="Runs Cucumber Feature" data-provider="features" finished-at="2018-05-06T20:45:46Z">
          <params>
            <param index="0">
              <value>
                <![CDATA[Admin Login to HRM home page]]>
              </value>
            </param>
          </params>
          <reporter-output>
          </reporter-output>
        </test-method> <!-- feature -->
        <test-method status="PASS" signature="tearDownClass()[pri:0, instance:TestRunner.TC01_Login@6a41eaa2]" name="tearDownClass" is-config="true" duration-ms="9" started-at="2018-05-06T20:45:46Z" finished-at="2018-05-06T20:45:46Z">
          <reporter-output>
          </reporter-output>
        </test-method> <!-- tearDownClass -->
      </class> <!-- TestRunner.TC01_Login -->
      <class name="TestRunner.TC02_Login">
        <test-method status="PASS" signature="setUpClass()[pri:0, instance:TestRunner.TC02_Login@7cd62f43]" name="setUpClass" is-config="true" duration-ms="31" started-at="2018-05-06T20:45:46Z" finished-at="2018-05-06T20:45:46Z">
          <reporter-output>
          </reporter-output>
        </test-method> <!-- setUpClass -->
        <test-method status="PASS" signature="feature(cucumber.api.testng.CucumberFeatureWrapper)[pri:0, instance:TestRunner.TC02_Login@7cd62f43]" name="feature" duration-ms="7924" started-at="2018-05-06T20:45:46Z" description="Runs Cucumber Feature" data-provider="features" finished-at="2018-05-06T20:45:54Z">
          <params>
            <param index="0">
              <value>
                <![CDATA[AdminLogin to HRM home page]]>
              </value>
            </param>
          </params>
          <reporter-output>
          </reporter-output>
        </test-method> <!-- feature -->
        <test-method status="PASS" signature="tearDownClass()[pri:0, instance:TestRunner.TC02_Login@7cd62f43]" name="tearDownClass" is-config="true" duration-ms="6" started-at="2018-05-06T20:45:54Z" finished-at="2018-05-06T20:45:54Z">
          <reporter-output>
          </reporter-output>
        </test-method> <!-- tearDownClass -->
      </class> <!-- TestRunner.TC02_Login -->
    </test> <!-- Test -->
  </suite> <!-- Suite -->
</testng-results>
